#
# There is insufficient memory for the Java Runtime Environment to continue.
# Native memory allocation (mmap) failed to map 266338304 bytes for G1 virtual space
# Possible reasons:
#   The system is out of physical RAM or swap space
#   The process is running with CompressedOops enabled, and the Java Heap may be blocking the growth of the native heap
# Possible solutions:
#   Reduce memory load on the system
#   Increase physical memory or swap space
#   Check if swap backing store is full
#   Decrease Java heap size (-Xmx/-Xms)
#   Decrease number of Java threads
#   Decrease Java thread stack sizes (-Xss)
#   Set larger code cache with -XX:ReservedCodeCacheSize=
#   JVM is running with Zero Based Compressed Oops mode in which the Java heap is
#     placed in the first 32GB address space. The Java Heap base address is the
#     maximum limit for the native heap growth. Please use -XX:HeapBaseMinAddress
#     to set the Java Heap base and to place the Java Heap above 32GB virtual address.
# This output file may be truncated or incomplete.
#
#  Out of Memory Error (os_windows.cpp:3550), pid=6092, tid=7588
#
# JRE version:  (17.0.8+9) (build )
# Java VM: Java HotSpot(TM) 64-Bit Server VM (17.0.8+9-LTS-211, mixed mode, emulated-client, sharing, tiered, compressed oops, compressed class ptrs, g1 gc, windows-amd64)
# No core dump will be written. Minidumps are not enabled by default on client versions of Windows
#

---------------  S U M M A R Y ------------

Command Line: -XX:TieredStopAtLevel=1 -Dspring.output.ansi.enabled=always -Dcom.sun.management.jmxremote -Dspring.jmx.enabled=true -Dspring.liveBeansView.mbeanDomain -Dspring.application.admin.enabled=true -Dmanagement.endpoints.jmx.exposure.include=* -javaagent:C:\Program Files\JetBrains\IntelliJ IDEA 2023.2\lib\idea_rt.jar=12124:C:\Program Files\JetBrains\IntelliJ IDEA 2023.2\bin -Dfile.encoding=UTF-8 com.kkh.gopangpayment.GopangPaymentApplication

Host: Intel(R) Core(TM) i5-8400 CPU @ 2.80GHz, 6 cores, 15G,  Windows 10 , 64 bit Build 19041 (10.0.19041.3636)
Time: Thu Nov 16 16:46:54 2023  Windows 10 , 64 bit Build 19041 (10.0.19041.3636) elapsed time: 0.010651 seconds (0d 0h 0m 0s)

---------------  T H R E A D  ---------------

Current thread (0x00000207244f0370):  JavaThread "Unknown thread" [_thread_in_vm, id=7588, stack(0x0000002f5c800000,0x0000002f5c900000)]

Stack: [0x0000002f5c800000,0x0000002f5c900000]
Native frames: (J=compiled Java code, j=interpreted, Vv=VM code, C=native code)
V  [jvm.dll+0x677d0a]
V  [jvm.dll+0x7d8c54]
V  [jvm.dll+0x7da3fe]
V  [jvm.dll+0x7daa63]
V  [jvm.dll+0x245c5f]
V  [jvm.dll+0x674bb9]
V  [jvm.dll+0x6694f2]
V  [jvm.dll+0x3031d6]
V  [jvm.dll+0x30a756]
V  [jvm.dll+0x359f9e]
V  [jvm.dll+0x35a1cf]
V  [jvm.dll+0x2da3e8]
V  [jvm.dll+0x2db354]
V  [jvm.dll+0x7aa711]
V  [jvm.dll+0x367b51]
V  [jvm.dll+0x789979]
V  [jvm.dll+0x3eb05f]
V  [jvm.dll+0x3ecae1]
C  [jli.dll+0x5297]
C  [ucrtbase.dll+0x21bb2]
C  [KERNEL32.DLL+0x17344]
C  [ntdll.dll+0x526b1]


---------------  P R O C E S S  ---------------

Threads class SMR info:
_java_thread_list=0x00007ff8acae59d8, length=0, elements={
}

Java Threads: ( => current thread )

Other Threads:
  0x000002072455ae20 GCTaskThread "GC Thread#0" [stack: 0x0000002f5c900000,0x0000002f5ca00000] [id=3096]
  0x000002072456bb30 ConcurrentGCThread "G1 Main Marker" [stack: 0x0000002f5ca00000,0x0000002f5cb00000] [id=5384]
  0x000002072456cce0 ConcurrentGCThread "G1 Conc#0" [stack: 0x0000002f5cb00000,0x0000002f5cc00000] [id=8496]

[error occurred during error reporting (printing all threads), id 0xc0000005, EXCEPTION_ACCESS_VIOLATION (0xc0000005) at pc=0x00007ff8ac31b047]

VM state: not at safepoint (not fully initialized)

VM Mutex/Monitor currently owned by a thread:  ([mutex/lock_event])
[0x00000207244ed100] Heap_lock - owner thread: 0x00000207244f0370

Heap address: 0x0000000702200000, size: 4062 MB, Compressed Oops mode: Zero based, Oop shift amount: 3

CDS archive(s) mapped at: [0x0000000000000000-0x0000000000000000-0x0000000000000000), size 0, SharedBaseAddress: 0x0000000800000000, ArchiveRelocationMode: 1.
Narrow klass base: 0x0000000000000000, Narrow klass shift: 0, Narrow klass range: 0x0

GC Precious Log:
<Empty>

Heap:
 garbage-first heap   total 0K, used 0K [0x0000000702200000, 0x0000000800000000)
  region size 2048K, 0 young (0K), 0 survivors (0K)

[error occurred during error reporting (printing heap information), id 0xc0000005, EXCEPTION_ACCESS_VIOLATION (0xc0000005) at pc=0x00007ff8ac701499]

GC Heap History (0 events):
No events

Deoptimization events (0 events):
No events

Classes unloaded (0 events):
No events

Classes redefined (0 events):
No events

Internal exceptions (0 events):
No events

VM Operations (0 events):
No events

Events (1 events):
Event: 0.006 Loaded shared library C:\Program Files\Java\jdk-17\bin\java.dll


Dynamic libraries:
0x00007ff7ac280000 - 0x00007ff7ac290000 	C:\Program Files\Java\jdk-17\bin\java.exe
0x00007ff8fcdd0000 - 0x00007ff8fcfc8000 	C:\WINDOWS\SYSTEM32\ntdll.dll
0x00007ff8fc5d0000 - 0x00007ff8fc68d000 	C:\WINDOWS\System32\KERNEL32.DLL
0x00007ff8fa9f0000 - 0x00007ff8face6000 	C:\WINDOWS\System32\KERNELBASE.dll
0x00007ff8fa4b0000 - 0x00007ff8fa5b0000 	C:\WINDOWS\System32\ucrtbase.dll
0x00007ff8ad0a0000 - 0x00007ff8ad0bb000 	C:\Program Files\Java\jdk-17\bin\VCRUNTIME140.dll
0x00007ff8ad0c0000 - 0x00007ff8ad0d9000 	C:\Program Files\Java\jdk-17\bin\jli.dll
0x00007ff8fc4a0000 - 0x00007ff8fc54f000 	C:\WINDOWS\System32\ADVAPI32.dll
0x00007ff8faf10000 - 0x00007ff8fafae000 	C:\WINDOWS\System32\msvcrt.dll
0x00007ff8fb040000 - 0x00007ff8fb0dc000 	C:\WINDOWS\System32\sechost.dll
0x00007ff8fc240000 - 0x00007ff8fc366000 	C:\WINDOWS\System32\RPCRT4.dll
0x00007ff8fb0e0000 - 0x00007ff8fb27e000 	C:\WINDOWS\System32\USER32.dll
0x00007ff8fa690000 - 0x00007ff8fa6b2000 	C:\WINDOWS\System32\win32u.dll
0x00007ff8ed2e0000 - 0x00007ff8ed57a000 	C:\WINDOWS\WinSxS\amd64_microsoft.windows.common-controls_6595b64144ccf1df_6.0.19041.3636_none_60b6a03d71f818d5\COMCTL32.dll
0x00007ff8fcd60000 - 0x00007ff8fcd8c000 	C:\WINDOWS\System32\GDI32.dll
0x00007ff8fa8d0000 - 0x00007ff8fa9ea000 	C:\WINDOWS\System32\gdi32full.dll
0x00007ff8fad90000 - 0x00007ff8fae2d000 	C:\WINDOWS\System32\msvcp_win.dll
0x00007ff8f5080000 - 0x00007ff8f508a000 	C:\WINDOWS\SYSTEM32\VERSION.dll
0x00007ff8fb010000 - 0x00007ff8fb040000 	C:\WINDOWS\System32\IMM32.DLL
0x00007ff8c08b0000 - 0x00007ff8c08bc000 	C:\Program Files\Java\jdk-17\bin\vcruntime140_1.dll
0x00007ff8acc10000 - 0x00007ff8acc9e000 	C:\Program Files\Java\jdk-17\bin\msvcp140.dll
0x00007ff8ac030000 - 0x00007ff8acc0e000 	C:\Program Files\Java\jdk-17\bin\server\jvm.dll
0x00007ff8fc8e0000 - 0x00007ff8fc8e8000 	C:\WINDOWS\System32\PSAPI.DLL
0x00007ff8ed730000 - 0x00007ff8ed757000 	C:\WINDOWS\SYSTEM32\WINMM.dll
0x00007ff8e8870000 - 0x00007ff8e8879000 	C:\WINDOWS\SYSTEM32\WSOCK32.dll
0x00007ff8fbcc0000 - 0x00007ff8fbd2b000 	C:\WINDOWS\System32\WS2_32.dll
0x00007ff8f8350000 - 0x00007ff8f8362000 	C:\WINDOWS\SYSTEM32\kernel.appcore.dll
0x00007ff8ace90000 - 0x00007ff8ace9a000 	C:\Program Files\Java\jdk-17\bin\jimage.dll
0x00007ff8e5e50000 - 0x00007ff8e6034000 	C:\WINDOWS\SYSTEM32\DBGHELP.DLL
0x00007ff8e5ad0000 - 0x00007ff8e5b04000 	C:\WINDOWS\SYSTEM32\dbgcore.DLL
0x00007ff8fa5b0000 - 0x00007ff8fa632000 	C:\WINDOWS\System32\bcryptPrimitives.dll
0x00007ff8f7bd0000 - 0x00007ff8f7bde000 	C:\Program Files\Java\jdk-17\bin\instrument.dll
0x00007ff8abd90000 - 0x00007ff8abdb5000 	C:\Program Files\Java\jdk-17\bin\java.dll

dbghelp: loaded successfully - version: 4.0.5 - missing functions: none
symbol engine: initialized successfully - sym options: 0x614 - pdb path: .;C:\Program Files\Java\jdk-17\bin;C:\WINDOWS\SYSTEM32;C:\WINDOWS\WinSxS\amd64_microsoft.windows.common-controls_6595b64144ccf1df_6.0.19041.3636_none_60b6a03d71f818d5;C:\Program Files\Java\jdk-17\bin\server

VM Arguments:
jvm_args: -XX:TieredStopAtLevel=1 -Dspring.output.ansi.enabled=always -Dcom.sun.management.jmxremote -Dspring.jmx.enabled=true -Dspring.liveBeansView.mbeanDomain -Dspring.application.admin.enabled=true -Dmanagement.endpoints.jmx.exposure.include=* -javaagent:C:\Program Files\JetBrains\IntelliJ IDEA 2023.2\lib\idea_rt.jar=12124:C:\Program Files\JetBrains\IntelliJ IDEA 2023.2\bin -Dfile.encoding=UTF-8 
java_command: com.kkh.gopangpayment.GopangPaymentApplication
java_class_path (initial): C:\Users\HKIT\Desktop\PaymentServer\GopangPayment\build\classes\java\main;C:\Users\HKIT\Desktop\PaymentServer\GopangPayment\build\resources\main;C:\Users\HKIT\.gradle\caches\modules-2\files-2.1\org.springframework.boot\spring-boot-starter-test\3.1.2\6968c60dd2f03d294135148dae9c6bec7c7a7c9a\spring-boot-starter-test-3.1.2.jar;C:\Users\HKIT\.gradle\caches\modules-2\files-2.1\org.springframework.boot\spring-boot-starter-web\3.1.2\30b824817e764a5a5a1e9fb46e7ace40bcfa3185\spring-boot-starter-web-3.1.2.jar;C:\Users\HKIT\.gradle\caches\modules-2\files-2.1\org.springframework.boot\spring-boot-starter-security\3.1.2\f51204b86f626c2a7f0d41f88e8e3bd86091dd1d\spring-boot-starter-security-3.1.2.jar;C:\Users\HKIT\.gradle\caches\modules-2\files-2.1\org.springframework.boot\spring-boot-starter-data-jpa\3.1.2\a37d54373b11d2de70dfb8bcd6612dc63787f4a8\spring-boot-starter-data-jpa-3.1.2.jar;C:\Users\HKIT\.gradle\caches\modules-2\files-2.1\org.springframework.boot\spring-boot-starter\3.1.2\c09a48df6fbc2b07b7aef1256b45260a3478b49f\spring-boot-starter-3.1.2.jar;C:\Users\HKIT\.gradle\caches\modules-2\files-2.1\com.github.iamport\iamport-rest-client-java\0.2.0\3885dece1770341158b4f955192d0da6eb5fbde0\iamport-rest-client-java-0.2.0.jar;C:\Users\HKIT\.gradle\caches\modules-2\files-2.1\org.projectlombok\lombok\1.18.30\f195ee86e6c896ea47a1d39defbe20eb59cd149d\lombok-1.18.30.jar;C:\Users\HKIT\.gradle\caches\modules-2\files-2.1\org.springframework.security\spring-security-web\6.1.5\51ebfc2c683feca057a1d9696d906fc77bd79db6\spring-security-web-6.1.5.jar;C:\Users\HKIT\.gradle\caches\modules-2\files-2.1\org.springframework.kafka\spring-kafka\3.0.9\10579032d2376e43e89d164eaf44794ed2f2fb79\spring-kafka-3.0.9.jar;C:\Users\HKIT\.gradle\caches\modules-2\files-2.1\org.springframework\spring-beans\6.0.13\5b205c9f2fb07c1367db144ce7ab305f94300604\spring-beans-6.0.13.jar;C:\Users\HKIT\.gradle\caches\modules-2\files-2.1\org.mariadb.jdbc\mariadb-java-client\3.2.0\60848ec1bfea9449d5acd
Launcher Type: SUN_STANDARD

[Global flags]
     intx CICompilerCount                          = 3                                         {product} {ergonomic}
     uint ConcGCThreads                            = 2                                         {product} {ergonomic}
     uint G1ConcRefinementThreads                  = 6                                         {product} {ergonomic}
   size_t G1HeapRegionSize                         = 2097152                                   {product} {ergonomic}
    uintx GCDrainStackTargetSize                   = 64                                        {product} {ergonomic}
   size_t InitialHeapSize                          = 266338304                                 {product} {ergonomic}
     bool ManagementServer                         = true                                      {product} {command line}
   size_t MarkStackSize                            = 4194304                                   {product} {ergonomic}
   size_t MaxHeapSize                              = 4259315712                                {product} {ergonomic}
   size_t MinHeapDeltaBytes                        = 2097152                                   {product} {ergonomic}
   size_t MinHeapSize                              = 8388608                                   {product} {ergonomic}
    uintx NonProfiledCodeHeapSize                  = 0                                      {pd product} {ergonomic}
     bool ProfileInterpreter                       = false                                  {pd product} {command line}
    uintx ProfiledCodeHeapSize                     = 0                                      {pd product} {ergonomic}
   size_t SoftMaxHeapSize                          = 4259315712                             {manageable} {ergonomic}
     intx TieredStopAtLevel                        = 1                                         {product} {command line}
     bool UseCompressedClassPointers               = true                           {product lp64_product} {ergonomic}
     bool UseCompressedOops                        = true                           {product lp64_product} {ergonomic}
     bool UseG1GC                                  = true                                      {product} {ergonomic}
     bool UseLargePagesIndividualAllocation        = false                                  {pd product} {ergonomic}

Logging:
Log output configuration:
 #0: stdout all=warning uptime,level,tags
 #1: stderr all=off uptime,level,tags

Environment Variables:
JAVA_HOME=C:\Program Files\Java\jdk-17
CLASSPATH=C:\Program Files\Java\jdk-17\lib
PATH=C:\Program Files\Common Files\Oracle\Java\javapath;C:\WINDOWS\system32;C:\WINDOWS;C:\WINDOWS\System32\Wbem;C:\WINDOWS\System32\WindowsPowerShell\v1.0\;C:\WINDOWS\System32\OpenSSH\;C:\Program Files\Bandizip\;C:\Program Files\Git\cmd;C:\Program Files (x86)\nodejs\;C:\Program Files\MongoDB\Server\4.2\bin;C:\apache-maven-3.9.5\bin;C:\HashiCorp\Vagrant\bin;C:\Program Files\PowerShell\7\;C:\Program Files\Docker\Docker\resources\bin;C:\Users\HKIT\AppData\Local\Microsoft\WindowsApps;C:\Program Files\Java\jdk-17\bin;C:\Users\HKIT\AppData\Local\Programs\Microsoft VS Code\bin;C:\Users\HKIT\AppData\Roaming\npm;C:\Users\HKIT\Downloads\kafka_2.12-2.5.0\bin;
USERNAME=HKIT
OS=Windows_NT
PROCESSOR_IDENTIFIER=Intel64 Family 6 Model 158 Stepping 10, GenuineIntel



---------------  S Y S T E M  ---------------

OS:
 Windows 10 , 64 bit Build 19041 (10.0.19041.3636)
OS uptime: 0 days 0:42 hours
Hyper-V role detected

CPU: total 6 (initial active 6) (6 cores per cpu, 1 threads per core) family 6 model 158 stepping 10 microcode 0xb4, cx8, cmov, fxsr, mmx, 3dnowpref, sse, sse2, sse3, ssse3, sse4.1, sse4.2, popcnt, lzcnt, tsc, tscinvbit, avx, avx2, aes, erms, clmul, bmi1, bmi2, adx, fma, vzeroupper, clflush, clflushopt, hv

Memory: 4k page, system-wide physical 16245M (4362M free)
TotalPageFile size 16245M (AvailPageFile size 29M)
current process WorkingSet (physical memory assigned to process): 10M, peak: 10M
current process commit charge ("private bytes"): 51M, peak: 305M

vm_info: Java HotSpot(TM) 64-Bit Server VM (17.0.8+9-LTS-211) for windows-amd64 JRE (17.0.8+9-LTS-211), built on Jun 14 2023 10:34:31 by "mach5one" with MS VC++ 17.1 (VS2022)

END.
